[2019-09-01 15:25:12] Executing bootstrap tasks
[2019-09-01 15:25:12] Java(TM) SE Runtime Environment 12.0.2+10
[2019-09-01 15:25:12] Product org.eclipse.products.epp.package.java.2019-06
[2019-09-01 15:25:12] Bundle org.eclipse.oomph.setup 1.13.0.v20190530-1228, build=4030, branch=ed8d2fdcc99c1d3461399fc1bee02645433fa697
[2019-09-01 15:25:12] Bundle org.eclipse.oomph.setup.core 1.13.0.v20190531-1228, build=4030, branch=ed8d2fdcc99c1d3461399fc1bee02645433fa697
[2019-09-01 15:25:12] Bundle org.eclipse.oomph.setup.p2 1.11.0.v20190530-1228, build=4030, branch=ed8d2fdcc99c1d3461399fc1bee02645433fa697
[2019-09-01 15:25:12] Performing P2 Director (Eclipse IDE for Java Developers (2019-06))
[2019-09-01 15:25:12] Offline = false
[2019-09-01 15:25:12] Mirrors = true
[2019-09-01 15:25:12] Resolving 23 requirements from 3 repositories to /Users/marcusking/eclipse/java-2019-062/Eclipse.app/Contents/Eclipse
[2019-09-01 15:25:12] Requirement epp.package.java [4.12.0,5.0.0)
[2019-09-01 15:25:12] Requirement org.eclipse.platform.feature.group [4.12.0,5.0.0)
[2019-09-01 15:25:12] Requirement org.eclipse.rcp.feature.group [4.12.0,5.0.0)
[2019-09-01 15:25:12] Requirement org.eclipse.buildship.feature.group
[2019-09-01 15:25:12] Requirement org.eclipse.eclemma.feature.feature.group
[2019-09-01 15:25:12] Requirement org.eclipse.egit.feature.group
[2019-09-01 15:25:12] Requirement org.eclipse.egit.mylyn.feature.group
[2019-09-01 15:25:12] Requirement org.eclipse.epp.mpc.feature.group
[2019-09-01 15:25:12] Requirement org.eclipse.jdt.feature.group
[2019-09-01 15:25:12] Requirement org.eclipse.jgit.feature.group
[2019-09-01 15:25:12] Requirement org.eclipse.m2e.feature.feature.group
[2019-09-01 15:25:12] Requirement org.eclipse.m2e.logback.feature.feature.group
[2019-09-01 15:25:12] Requirement org.eclipse.mylyn.bugzilla_feature.feature.group
[2019-09-01 15:25:12] Requirement org.eclipse.mylyn.context_feature.feature.group
[2019-09-01 15:25:12] Requirement org.eclipse.mylyn.git.feature.group
[2019-09-01 15:25:12] Requirement org.eclipse.mylyn.hudson.feature.group
[2019-09-01 15:25:12] Requirement org.eclipse.mylyn.ide_feature.feature.group
[2019-09-01 15:25:12] Requirement org.eclipse.mylyn.java_feature.feature.group
[2019-09-01 15:25:12] Requirement org.eclipse.mylyn.wikitext_feature.feature.group
[2019-09-01 15:25:12] Requirement org.eclipse.mylyn_feature.feature.group
[2019-09-01 15:25:12] Requirement org.eclipse.tips.feature.feature.group
[2019-09-01 15:25:12] Requirement org.eclipse.wst.xml_ui.feature.feature.group
[2019-09-01 15:25:12] Requirement org.eclipse.oomph.setup.feature.group
[2019-09-01 15:25:12] Repository http://download.eclipse.org/technology/epp/packages/2019-06
[2019-09-01 15:25:12] Repository http://download.eclipse.org/releases/2019-06/201906191000
[2019-09-01 15:25:12] Repository http://download.eclipse.org/oomph/updates/milestone/latest
[2019-09-01 15:25:14] Calculating requirements and dependencies.
[2019-09-01 15:25:15] Computing prerequisite plan
[2019-09-01 15:25:19] Collecting 3 artifacts from http://download.eclipse.org/releases/2019-06/201906191000
[2019-09-01 15:25:19] Downloading org.eclipse.platform_root
[2019-09-01 15:25:19] Downloading org.eclipse.platform.ide.executable.cocoa.macosx.x86_64
[2019-09-01 15:25:19] Downloading org.eclipse.rcp_root
[2019-09-01 15:25:19] Collected 3 artifacts for http://download.eclipse.org/releases/2019-06/201906191000 in 0.227s
[2019-09-01 15:25:19] Collecting 1 artifacts from http://download.eclipse.org/technology/epp/packages/2019-06
[2019-09-01 15:25:20] Downloading epp.package.java.executable.cocoa.macosx.x86_64
[2019-09-01 15:25:20] Collected 1 artifacts for http://download.eclipse.org/technology/epp/packages/2019-06 in 0.314s
[2019-09-01 15:25:28] Installing a.jre.javase [10.0.0]
[2019-09-01 15:25:28] Installing ch.qos.logback.classic [1.0.7.v20121108-1250]
[2019-09-01 15:25:28] Installing ch.qos.logback.core [1.0.7.v20121108-1250]
[2019-09-01 15:25:28] Installing ch.qos.logback.slf4j [1.0.7.v201505121915]
[2019-09-01 15:25:28] Installing com.google.gson [2.8.2.v20180104-1110]
[2019-09-01 15:25:28] Installing com.google.guava [21.0.0.v20170206-1425]
[2019-09-01 15:25:28] Installing com.ibm.icu [64.2.0.v20190507-1337]
[2019-09-01 15:25:28] Installing com.jcraft.jsch [0.1.55.v20190404-1902]
[2019-09-01 15:25:28] Installing com.jcraft.jzlib [1.1.1.v201205102305]
[2019-09-01 15:25:28] Installing com.mountainminds.eclemma.core [3.1.2.201903112331]
[2019-09-01 15:25:28] Installing com.sun.el [2.2.0.v201303151357]
[2019-09-01 15:25:28] Installing epp.package.java [4.12.0.20190614-1200]
[2019-09-01 15:25:28] Installing epp.package.java.executable.cocoa.macosx.x86_64 [4.12.0.20190614-1200]
[2019-09-01 15:25:28] Installing epp.package.java.executable.cocoa.macosx.x86_64.eclipse [4.12.0.20190614-1200]
[2019-09-01 15:25:28] Installing javaewah [1.1.6.v20160919-1400]
[2019-09-01 15:25:28] Installing javax.annotation [1.2.0.v201602091430]
[2019-09-01 15:25:28] Installing javax.el [2.2.0.v201303151357]
[2019-09-01 15:25:28] Installing javax.inject [1.0.0.v20091030]
[2019-09-01 15:25:28] Installing javax.servlet [3.1.0.v201410161800]
[2019-09-01 15:25:28] Installing javax.servlet.jsp [2.2.0.v201112011158]
[2019-09-01 15:25:28] Installing javax.xml [1.3.4.v201005080400]
[2019-09-01 15:25:28] Installing net.i2p.crypto.eddsa [0.3.0.v20181102-1323]
[2019-09-01 15:25:28] Installing org.apache.ant [1.10.5.v20190526-1402]
[2019-09-01 15:25:28] Installing org.apache.batik.constants [1.11.0.v20190515-0436]
[2019-09-01 15:25:28] Installing org.apache.batik.css [1.11.0.v20190515-0436]
[2019-09-01 15:25:28] Installing org.apache.batik.i18n [1.11.0.v20190515-0436]
[2019-09-01 15:25:28] Installing org.apache.batik.util [1.11.0.v20190515-0436]
[2019-09-01 15:25:28] Installing org.apache.commons.codec [1.10.0.v20180409-1845]
[2019-09-01 15:25:28] Installing org.apache.commons.compress [1.18.0.v20181121-2221]
[2019-09-01 15:25:28] Installing org.apache.commons.httpclient [3.1.0.v201012070820]
[2019-09-01 15:25:28] Installing org.apache.commons.io [2.6.0.v20190123-2029]
[2019-09-01 15:25:28] Installing org.apache.commons.jxpath [1.3.0.v200911051830]
[2019-09-01 15:25:28] Installing org.apache.commons.lang [2.6.0.v201404270220]
[2019-09-01 15:25:28] Installing org.apache.commons.lang3 [3.1.0.v201403281430]
[2019-09-01 15:25:28] Installing org.apache.commons.logging [1.2.0.v20180409-1502]
[2019-09-01 15:25:28] Installing org.apache.felix.gogo.command [1.0.2.v20170914-1324]
[2019-09-01 15:25:28] Installing org.apache.felix.gogo.runtime [1.1.0.v20180713-1646]
[2019-09-01 15:25:28] Installing org.apache.felix.gogo.shell [1.1.0.v20180713-1646]
[2019-09-01 15:25:28] Installing org.apache.felix.scr [2.1.14.v20190123-1619]
[2019-09-01 15:25:28] Installing org.apache.httpcomponents.httpclient [4.5.6.v20190213-1430]
[2019-09-01 15:25:28] Installing org.apache.httpcomponents.httpcore [4.4.10.v20190123-2214]
[2019-09-01 15:25:28] Installing org.apache.jasper.glassfish [2.2.2.v201501141630]
[2019-09-01 15:25:28] Installing org.apache.log4j [1.2.15.v201012070815]
[2019-09-01 15:25:28] Installing org.apache.lucene.analyzers-common [8.0.0.v20190404-1858]
[2019-09-01 15:25:28] Installing org.apache.lucene.analyzers-smartcn [8.0.0.v20190404-1858]
[2019-09-01 15:25:28] Installing org.apache.lucene.core [8.0.0.v20190404-1858]
[2019-09-01 15:25:28] Installing org.apache.lucene.queryparser [6.1.0.v20161115-1612]
[2019-09-01 15:25:28] Installing org.apache.sshd.osgi [2.2.0.v20190425-2127]
[2019-09-01 15:25:28] Installing org.apache.sshd.sftp [2.2.0.v20190425-2127]
[2019-09-01 15:25:28] Installing org.apache.ws.commons.util [1.0.1.v20100518-1140]
[2019-09-01 15:25:28] Installing org.apache.xerces [2.9.0.v201101211617]
[2019-09-01 15:25:28] Installing org.apache.xml.resolver [1.2.0.v201005080400]
[2019-09-01 15:25:28] Installing org.apache.xml.serializer [2.7.1.v201005080400]
[2019-09-01 15:25:28] Installing org.apache.xmlgraphics [2.3.0.v20190515-0436]
[2019-09-01 15:25:28] Installing org.apache.xmlrpc [3.0.0.v20100427-1100]
[2019-09-01 15:25:28] Installing org.apiguardian [1.0.0.v20190212-2109]
[2019-09-01 15:25:28] Installing org.bouncycastle.bcpg [1.61.0.v20190602-1335]
[2019-09-01 15:25:28] Installing org.bouncycastle.bcpkix [1.61.0.v20190602-1335]
[2019-09-01 15:25:28] Installing org.bouncycastle.bcprov [1.61.0.v20190602-1335]
[2019-09-01 15:25:28] Installing org.eclipse.ant.core [3.5.400.v20190510-0606]
[2019-09-01 15:25:28] Installing org.eclipse.ant.launching [1.2.500.v20190510-0606]
[2019-09-01 15:25:28] Installing org.eclipse.ant.ui [3.7.500.v20190518-1030]
[2019-09-01 15:25:28] Installing org.eclipse.buildship.branding [3.1.0.v20190501-0832]
[2019-09-01 15:25:28] Installing org.eclipse.buildship.core [3.1.0.v20190501-0832]
[2019-09-01 15:25:28] Installing org.eclipse.buildship.feature.group [3.1.0.v20190501-0832]
[2019-09-01 15:25:28] Installing org.eclipse.buildship.feature.jar [3.1.0.v20190501-0832]
[2019-09-01 15:25:28] Installing org.eclipse.buildship.stsmigration [3.1.0.v20190501-0832]
[2019-09-01 15:25:28] Installing org.eclipse.buildship.ui [3.1.0.v20190501-0832]
[2019-09-01 15:25:28] Installing org.eclipse.compare [3.7.600.v20190519-2354]
[2019-09-01 15:25:28] Installing org.eclipse.compare.core [3.6.500.v20190519-2354]
[2019-09-01 15:25:28] Installing org.eclipse.core.commands [3.9.400.v20190516-1358]
[2019-09-01 15:25:28] Installing org.eclipse.core.contenttype [3.7.300.v20190215-2048]
[2019-09-01 15:25:28] Installing org.eclipse.core.databinding [1.7.400.v20190513-2118]
[2019-09-01 15:25:28] Installing org.eclipse.core.databinding.beans [1.5.0.v20190510-1100]
[2019-09-01 15:25:28] Installing org.eclipse.core.databinding.observable [1.7.0.v20190515-0910]
[2019-09-01 15:25:28] Installing org.eclipse.core.databinding.property [1.7.0.v20190510-1100]
[2019-09-01 15:25:28] Installing org.eclipse.core.expressions [3.6.400.v20190518-1240]
[2019-09-01 15:25:28] Installing org.eclipse.core.externaltools [1.1.300.v20190510-0549]
[2019-09-01 15:25:28] Installing org.eclipse.core.filebuffers [3.6.600.v20190519-2344]
[2019-09-01 15:25:28] Installing org.eclipse.core.filesystem [1.7.400.v20190518-1151]
[2019-09-01 15:25:28] Installing org.eclipse.core.filesystem.macosx [1.3.100.v20180828-0158]
[2019-09-01 15:25:28] Installing org.eclipse.core.jobs [3.10.400.v20190506-1457]
[2019-09-01 15:25:28] Installing org.eclipse.core.net [1.3.500.v20190519-2354]
[2019-09-01 15:25:28] Installing org.eclipse.core.resources [3.13.400.v20190505-1655]
[2019-09-01 15:25:28] Installing org.eclipse.core.runtime [3.15.300.v20190508-0543]
[2019-09-01 15:25:28] Installing org.eclipse.core.variables [3.4.500.v20190510-0549]
[2019-09-01 15:25:28] Installing org.eclipse.debug.core [3.13.300.v20190514-0832]
[2019-09-01 15:25:28] Installing org.eclipse.debug.ui [3.14.100.v20190518-2143]
[2019-09-01 15:25:28] Installing org.eclipse.draw2d [3.10.100.201606061308]
[2019-09-01 15:25:28] Installing org.eclipse.e4.core.commands [0.12.600.v20190510-1100]
[2019-09-01 15:25:28] Installing org.eclipse.e4.core.contexts [1.8.100.v20190518-1217]
[2019-09-01 15:25:28] Installing org.eclipse.e4.core.di [1.7.200.v20190506-1457]
[2019-09-01 15:25:28] Installing org.eclipse.e4.core.di.annotations [1.6.400.v20190518-1217]
[2019-09-01 15:25:28] Installing org.eclipse.e4.core.di.extensions [0.15.300.v20190213-1308]
[2019-09-01 15:25:28] Installing org.eclipse.e4.core.di.extensions.supplier [0.15.300.v20190506-1457]
[2019-09-01 15:25:28] Installing org.eclipse.e4.core.services [2.1.400.v20181215-2145]
[2019-09-01 15:25:28] Installing org.eclipse.e4.emf.xpath [0.2.300.v20190513-2118]
[2019-09-01 15:25:28] Installing org.eclipse.e4.rcp.feature.group [1.6.500.v20190605-1801]
[2019-09-01 15:25:28] Installing org.eclipse.e4.rcp.feature.jar [1.6.500.v20190605-1801]
[2019-09-01 15:25:28] Installing org.eclipse.e4.ui.bindings [0.12.500.v20190510-1100]
[2019-09-01 15:25:28] Installing org.eclipse.e4.ui.css.core [0.12.700.v20190513-2118]
[2019-09-01 15:25:28] Installing org.eclipse.e4.ui.css.swt [0.13.500.v20190513-2118]
[2019-09-01 15:25:28] Installing org.eclipse.e4.ui.css.swt.theme [0.12.300.v20190510-1100]
[2019-09-01 15:25:28] Installing org.eclipse.e4.ui.di [1.2.600.v20190510-1100]
[2019-09-01 15:25:28] Installing org.eclipse.e4.ui.dialogs [1.1.500.v20190513-0736]
[2019-09-01 15:25:28] Installing org.eclipse.e4.ui.model.workbench [2.1.400.v20190513-2118]
[2019-09-01 15:25:28] Installing org.eclipse.e4.ui.services [1.3.500.v20190513-2118]
[2019-09-01 15:25:28] Installing org.eclipse.e4.ui.widgets [1.2.400.v20190510-1100]
[2019-09-01 15:25:28] Installing org.eclipse.e4.ui.workbench [1.10.0.v20190529-1505]
[2019-09-01 15:25:28] Installing org.eclipse.e4.ui.workbench.addons.swt [1.3.500.v20190513-2118]
[2019-09-01 15:25:28] Installing org.eclipse.e4.ui.workbench.renderers.swt [0.14.700.v20190517-1525]
[2019-09-01 15:25:28] Installing org.eclipse.e4.ui.workbench.renderers.swt.cocoa [0.12.300.v20190517-1326]
[2019-09-01 15:25:28] Installing org.eclipse.e4.ui.workbench.swt [0.14.600.v20190513-2118]
[2019-09-01 15:25:28] Installing org.eclipse.e4.ui.workbench3 [0.15.100.v20190513-2118]
[2019-09-01 15:25:28] Installing org.eclipse.ecf [3.9.3.v20190423-0625]
[2019-09-01 15:25:28] Installing org.eclipse.ecf.core.feature.feature.group [1.5.3.v20190423-0625]
[2019-09-01 15:25:28] Installing org.eclipse.ecf.core.feature.feature.jar [1.5.3.v20190423-0625]
[2019-09-01 15:25:28] Installing org.eclipse.ecf.core.ssl.feature.feature.group [1.1.200.v20190502-0212]
[2019-09-01 15:25:28] Installing org.eclipse.ecf.core.ssl.feature.feature.jar [1.1.200.v20190502-0212]
[2019-09-01 15:25:28] Installing org.eclipse.ecf.filetransfer [5.0.100.v20180301-0132]
[2019-09-01 15:25:28] Installing org.eclipse.ecf.filetransfer.feature.feature.group [3.14.5.v20190423-0614]
[2019-09-01 15:25:28] Installing org.eclipse.ecf.filetransfer.feature.feature.jar [3.14.5.v20190423-0614]
[2019-09-01 15:25:28] Installing org.eclipse.ecf.filetransfer.httpclient45.feature.feature.group [1.0.0.v20190530-1947]
[2019-09-01 15:25:28] Installing org.eclipse.ecf.filetransfer.httpclient45.feature.feature.jar [1.0.0.v20190530-1947]
[2019-09-01 15:25:28] Installing org.eclipse.ecf.filetransfer.ssl.feature.feature.group [1.1.100.v20180301-0132]
[2019-09-01 15:25:28] Installing org.eclipse.ecf.filetransfer.ssl.feature.feature.jar [1.1.100.v20180301-0132]
[2019-09-01 15:25:28] Installing org.eclipse.ecf.identity [3.9.1.v20181107-1749]
[2019-09-01 15:25:28] Installing org.eclipse.ecf.provider.filetransfer [3.2.400.v20180306-0429]
[2019-09-01 15:25:28] Installing org.eclipse.ecf.provider.filetransfer.httpclient45 [1.0.0.v20190530-1947]
[2019-09-01 15:25:28] Installing org.eclipse.ecf.provider.filetransfer.ssl [1.0.100.v20180301-0132]
[2019-09-01 15:25:28] Installing org.eclipse.ecf.ssl [1.2.200.v20190502-0212]
[2019-09-01 15:25:28] Installing org.eclipse.eclemma.core [3.1.2.201903112331]
[2019-09-01 15:25:28] Installing org.eclipse.eclemma.doc [3.1.2.201903112331]
[2019-09-01 15:25:28] Installing org.eclipse.eclemma.feature.feature.group [3.1.2.201903112331]
[2019-09-01 15:25:28] Installing org.eclipse.eclemma.feature.feature.jar [3.1.2.201903112331]
[2019-09-01 15:25:28] Installing org.eclipse.eclemma.ui [3.1.2.201903112331]
[2019-09-01 15:25:28] Installing org.eclipse.egit [5.4.0.201906121030-r]
[2019-09-01 15:25:28] Installing org.eclipse.egit.core [5.4.0.201906121030-r]
[2019-09-01 15:25:28] Installing org.eclipse.egit.doc [5.4.0.201906121030-r]
[2019-09-01 15:25:28] Installing org.eclipse.egit.feature.group [5.4.0.201906121030-r]
[2019-09-01 15:25:28] Installing org.eclipse.egit.feature.jar [5.4.0.201906121030-r]
[2019-09-01 15:25:28] Installing org.eclipse.egit.mylyn.feature.group [5.4.0.201906121030-r]
[2019-09-01 15:25:28] Installing org.eclipse.egit.mylyn.feature.jar [5.4.0.201906121030-r]
[2019-09-01 15:25:28] Installing org.eclipse.egit.mylyn.ui [5.4.0.201906121030-r]
[2019-09-01 15:25:28] Installing org.eclipse.egit.ui [5.4.0.201906121030-r]
[2019-09-01 15:25:28] Installing org.eclipse.emf.common [2.16.0.v20190528-0845]
[2019-09-01 15:25:28] Installing org.eclipse.emf.common.feature.group [2.16.0.v20190528-0845]
[2019-09-01 15:25:28] Installing org.eclipse.emf.common.feature.jar [2.16.0.v20190528-0845]
[2019-09-01 15:25:28] Installing org.eclipse.emf.common.ui [2.18.0.v20190507-0402]
[2019-09-01 15:25:28] Installing org.eclipse.emf.databinding [1.5.0.v20180706-1146]
[2019-09-01 15:25:28] Installing org.eclipse.emf.ecore [2.18.0.v20190528-0845]
[2019-09-01 15:25:28] Installing org.eclipse.emf.ecore.change [2.14.0.v20190528-0725]
[2019-09-01 15:25:28] Installing org.eclipse.emf.ecore.edit [2.12.0.v20190226-1307]
[2019-09-01 15:25:28] Installing org.eclipse.emf.ecore.feature.group [2.18.0.v20190528-0845]
[2019-09-01 15:25:28] Installing org.eclipse.emf.ecore.feature.jar [2.18.0.v20190528-0845]
[2019-09-01 15:25:28] Installing org.eclipse.emf.ecore.xmi [2.16.0.v20190528-0725]
[2019-09-01 15:25:28] Installing org.eclipse.emf.edit [2.15.0.v20190528-0725]
[2019-09-01 15:25:28] Installing org.eclipse.emf.edit.ui [2.16.0.v20181104-0733]
[2019-09-01 15:25:28] Installing org.eclipse.epp.logging.aeri.core [2.0.7.v20180504-0806]
[2019-09-01 15:25:28] Installing org.eclipse.epp.logging.aeri.feature.feature.group [2.0.7.v20180504-0806]
[2019-09-01 15:25:28] Installing org.eclipse.epp.logging.aeri.feature.feature.jar [2.0.7.v20180504-0806]
[2019-09-01 15:25:28] Installing org.eclipse.epp.logging.aeri.ide [2.0.7.v20180504-0806]
[2019-09-01 15:25:28] Installing org.eclipse.epp.mpc.core [1.7.7.v20190521-1752]
[2019-09-01 15:25:28] Installing org.eclipse.epp.mpc.feature.group [1.7.7.v20190521-1752]
[2019-09-01 15:25:28] Installing org.eclipse.epp.mpc.feature.jar [1.7.7.v20190521-1752]
[2019-09-01 15:25:28] Installing org.eclipse.epp.mpc.help.ui [1.7.7.v20190521-1752]
[2019-09-01 15:25:28] Installing org.eclipse.epp.mpc.ui [1.7.7.v20190521-1752]
[2019-09-01 15:25:28] Installing org.eclipse.epp.mpc.ui.css [1.7.7.v20190521-1752]
[2019-09-01 15:25:28] Installing org.eclipse.epp.package.common [4.12.0.20190614-1200]
[2019-09-01 15:25:28] Installing org.eclipse.epp.package.common.feature.feature.group [4.12.0.20190614-1200]
[2019-09-01 15:25:28] Installing org.eclipse.epp.package.common.feature.feature.jar [4.12.0.20190614-1200]
[2019-09-01 15:25:28] Installing org.eclipse.epp.package.java [4.12.0.20190614-1200]
[2019-09-01 15:25:28] Installing org.eclipse.epp.package.java.feature.feature.group [4.12.0.20190614-1200]
[2019-09-01 15:25:28] Installing org.eclipse.epp.package.java.feature.feature.jar [4.12.0.20190614-1200]
[2019-09-01 15:25:28] Installing org.eclipse.equinox.app [1.4.200.v20190516-1504]
[2019-09-01 15:25:28] Installing org.eclipse.equinox.bidi [1.2.0.v20190514-1046]
[2019-09-01 15:25:28] Installing org.eclipse.equinox.common [3.10.400.v20190516-1504]
[2019-09-01 15:25:28] Installing org.eclipse.equinox.concurrent [1.1.300.v20190514-1046]
[2019-09-01 15:25:28] Installing org.eclipse.equinox.console [1.3.300.v20190516-1504]
[2019-09-01 15:25:28] Installing org.eclipse.equinox.event [1.5.100.v20190528-1257]
[2019-09-01 15:25:28] Installing org.eclipse.equinox.frameworkadmin [2.1.300.v20190318-1320]
[2019-09-01 15:25:28] Installing org.eclipse.equinox.frameworkadmin.equinox [1.1.100.v20180822-1258]
[2019-09-01 15:25:28] Installing org.eclipse.equinox.http.jetty [3.7.100.v20190516-1504]
[2019-09-01 15:25:28] Installing org.eclipse.equinox.http.registry [1.1.700.v20190214-1948]
[2019-09-01 15:25:28] Installing org.eclipse.equinox.http.servlet [1.6.100.v20190516-1504]
[2019-09-01 15:25:28] Installing org.eclipse.equinox.jsp.jasper [1.1.200.v20190214-1948]
[2019-09-01 15:25:28] Installing org.eclipse.equinox.jsp.jasper.registry [1.1.200.v20190214-1948]
[2019-09-01 15:25:28] Installing org.eclipse.equinox.launcher [1.5.400.v20190515-0925]
[2019-09-01 15:25:28] Installing org.eclipse.equinox.launcher.cocoa.macosx.x86_64 [1.1.1000.v20190125-2016]
[2019-09-01 15:25:28] Installing org.eclipse.equinox.p2.artifact.repository [1.3.100.v20190330-1646]
[2019-09-01 15:25:28] Installing org.eclipse.equinox.p2.console [1.1.100.v20180822-1258]
[2019-09-01 15:25:28] Installing org.eclipse.equinox.p2.core [2.6.0.v20190215-2242]
[2019-09-01 15:25:28] Installing org.eclipse.equinox.p2.core.feature.feature.group [1.6.200.v20190516-1504]
[2019-09-01 15:25:28] Installing org.eclipse.equinox.p2.core.feature.feature.jar [1.6.200.v20190516-1504]
[2019-09-01 15:25:28] Installing org.eclipse.equinox.p2.director [2.4.300.v20190215-2242]
[2019-09-01 15:25:28] Installing org.eclipse.equinox.p2.director.app [1.1.200.v20180822-1302]
[2019-09-01 15:25:28] Installing org.eclipse.equinox.p2.directorywatcher [1.2.200.v20190204-0752]
[2019-09-01 15:25:28] Installing org.eclipse.equinox.p2.discovery [1.1.100.v20180822-1302]
[2019-09-01 15:25:28] Installing org.eclipse.equinox.p2.discovery.compatibility [1.1.100.v20180822-1302]
[2019-09-01 15:25:28] Installing org.eclipse.equinox.p2.discovery.feature.feature.group [1.2.200.v20190129-1112]
[2019-09-01 15:25:28] Installing org.eclipse.equinox.p2.discovery.feature.feature.jar [1.2.200.v20190129-1112]
[2019-09-01 15:25:28] Installing org.eclipse.equinox.p2.engine [2.6.300.v20190318-1320]
[2019-09-01 15:25:28] Installing org.eclipse.equinox.p2.extensionlocation [1.3.100.v20180822-1302]
[2019-09-01 15:25:28] Installing org.eclipse.equinox.p2.extras.feature.feature.group [1.4.400.v20190516-1504]
[2019-09-01 15:25:28] Installing org.eclipse.equinox.p2.extras.feature.feature.jar [1.4.400.v20190516-1504]
[2019-09-01 15:25:28] Installing org.eclipse.equinox.p2.garbagecollector [1.1.100.v20180822-1302]
[2019-09-01 15:25:28] Installing org.eclipse.equinox.p2.jarprocessor [1.1.200.v20180921-1009]
[2019-09-01 15:25:28] Installing org.eclipse.equinox.p2.metadata [2.4.400.v20190409-0548]
[2019-09-01 15:25:28] Installing org.eclipse.equinox.p2.metadata.repository [1.3.100.v20180822-1302]
[2019-09-01 15:25:28] Installing org.eclipse.equinox.p2.operations [2.5.400.v20190408-2008]
[2019-09-01 15:25:28] Installing org.eclipse.equinox.p2.publisher [1.5.100.v20180822-1302]
[2019-09-01 15:25:28] Installing org.eclipse.equinox.p2.publisher.eclipse [1.3.200.v20190329-1624]
[2019-09-01 15:25:28] Installing org.eclipse.equinox.p2.rcp.feature.feature.group [1.4.400.v20190516-1504]
[2019-09-01 15:25:28] Installing org.eclipse.equinox.p2.rcp.feature.feature.jar [1.4.400.v20190516-1504]
[2019-09-01 15:25:28] Installing org.eclipse.equinox.p2.reconciler.dropins [1.3.0.v20181023-0914]
[2019-09-01 15:25:28] Installing org.eclipse.equinox.p2.repository [2.4.400.v20190318-1320]
[2019-09-01 15:25:28] Installing org.eclipse.equinox.p2.repository.tools [2.2.200.v20181102-0649]
[2019-09-01 15:25:28] Installing org.eclipse.equinox.p2.touchpoint.eclipse [2.2.300.v20190215-2242]
[2019-09-01 15:25:28] Installing org.eclipse.equinox.p2.touchpoint.natives [1.3.200.v20180921-1019]
[2019-09-01 15:25:28] Installing org.eclipse.equinox.p2.transport.ecf [1.2.100.v20180822-1354]
[2019-09-01 15:25:28] Installing org.eclipse.equinox.p2.ui [2.5.500.v20190220-1158]
[2019-09-01 15:25:28] Installing org.eclipse.equinox.p2.ui.discovery [1.1.100.v20180822-1357]
[2019-09-01 15:25:28] Installing org.eclipse.equinox.p2.ui.importexport [1.2.100.v20180827-1122]
[2019-09-01 15:25:28] Installing org.eclipse.equinox.p2.ui.sdk [1.1.200.v20181214-0802]
[2019-09-01 15:25:28] Installing org.eclipse.equinox.p2.ui.sdk.scheduler [1.4.200.v20181102-0649]
[2019-09-01 15:25:28] Installing org.eclipse.equinox.p2.updatechecker [1.2.100.v20180827-1122]
[2019-09-01 15:25:28] Installing org.eclipse.equinox.p2.updatesite [1.1.100.v20180827-1122]
[2019-09-01 15:25:28] Installing org.eclipse.equinox.p2.user.ui.feature.group [2.4.400.v20190516-1504]
[2019-09-01 15:25:28] Installing org.eclipse.equinox.p2.user.ui.feature.jar [2.4.400.v20190516-1504]
[2019-09-01 15:25:28] Installing org.eclipse.equinox.preferences [3.7.400.v20190516-1504]
[2019-09-01 15:25:28] Installing org.eclipse.equinox.registry [3.8.400.v20190516-1504]
[2019-09-01 15:25:28] Installing org.eclipse.equinox.security [1.3.200.v20190516-1504]
[2019-09-01 15:25:28] Installing org.eclipse.equinox.security.macosx [1.101.100.v20180827-1235]
[2019-09-01 15:25:28] Installing org.eclipse.equinox.security.ui [1.2.300.v20190514-1046]
[2019-09-01 15:25:28] Installing org.eclipse.equinox.simpleconfigurator [1.3.200.v20181101-1115]
[2019-09-01 15:25:28] Installing org.eclipse.equinox.simpleconfigurator.manipulator [2.1.200.v20181123-1405]
[2019-09-01 15:25:28] Installing org.eclipse.equinox.util [1.1.200.v20181008-1820]
[2019-09-01 15:25:28] Installing org.eclipse.gef [3.11.0.201606061308]
[2019-09-01 15:25:28] Installing org.eclipse.help [3.8.400.v20190423-0921]
[2019-09-01 15:25:28] Installing org.eclipse.help.base [4.2.600.v20190605-1800]
[2019-09-01 15:25:28] Installing org.eclipse.help.feature.group [2.2.600.v20190605-1800]
[2019-09-01 15:25:28] Installing org.eclipse.help.feature.jar [2.2.600.v20190605-1800]
[2019-09-01 15:25:28] Installing org.eclipse.help.ui [4.1.500.v20190519-2119]
[2019-09-01 15:25:28] Installing org.eclipse.help.webapp [3.9.500.v20190517-1202]
[2019-09-01 15:25:28] Installing org.eclipse.jdt [3.18.0.v20190605-1800]
[2019-09-01 15:25:28] Installing org.eclipse.jdt.annotation [2.2.300.v20190328-1431]
[2019-09-01 15:25:28] Installing org.eclipse.jdt.apt.core [3.6.400.v20190328-1431]
[2019-09-01 15:25:28] Installing org.eclipse.jdt.apt.pluggable.core [1.2.300.v20181206-1038]
[2019-09-01 15:25:28] Installing org.eclipse.jdt.apt.ui [3.6.200.v20180921-1416]
[2019-09-01 15:25:28] Installing org.eclipse.jdt.compiler.apt [1.3.600.v20190402-0634]
[2019-09-01 15:25:28] Installing org.eclipse.jdt.compiler.tool [1.2.600.v20190322-0450]
[2019-09-01 15:25:28] Installing org.eclipse.jdt.core [3.18.0.v20190522-0428]
[2019-09-01 15:25:28] Installing org.eclipse.jdt.core.manipulation [1.11.200.v20190520-0718]
[2019-09-01 15:25:28] Installing org.eclipse.jdt.debug [3.13.0.v20190521-1707]
[2019-09-01 15:25:28] Installing org.eclipse.jdt.debug.ui [3.10.300.v20190528-0604]
[2019-09-01 15:25:28] Installing org.eclipse.jdt.doc.user [3.15.300.v20190604-0816]
[2019-09-01 15:25:28] Installing org.eclipse.jdt.feature.group [3.18.0.v20190605-1800]
[2019-09-01 15:25:28] Installing org.eclipse.jdt.feature.jar [3.18.0.v20190605-1800]
[2019-09-01 15:25:28] Installing org.eclipse.jdt.junit [3.11.400.v20190510-0840]
[2019-09-01 15:25:28] Installing org.eclipse.jdt.junit.core [3.10.300.v20190510-0840]
[2019-09-01 15:25:28] Installing org.eclipse.jdt.junit.runtime [3.4.1000.v20190510-0840]
[2019-09-01 15:25:28] Installing org.eclipse.jdt.junit4.runtime [1.1.1000.v20190510-0840]
[2019-09-01 15:25:28] Installing org.eclipse.jdt.junit5.runtime [1.0.500.v20190510-0840]
[2019-09-01 15:25:28] Installing org.eclipse.jdt.launching [3.14.0.v20190508-0531]
[2019-09-01 15:25:28] Installing org.eclipse.jdt.launching.macosx [3.4.300.v20190510-0639]
[2019-09-01 15:25:28] Installing org.eclipse.jdt.launching.ui.macosx [1.2.300.v20190510-0639]
[2019-09-01 15:25:28] Installing org.eclipse.jdt.ui [3.18.0.v20190601-2139]
[2019-09-01 15:25:28] Installing org.eclipse.jem.util [2.1.201.v201903222010]
[2019-09-01 15:25:28] Installing org.eclipse.jetty.continuation [9.4.18.v20190429]
[2019-09-01 15:25:28] Installing org.eclipse.jetty.http [9.4.18.v20190429]
[2019-09-01 15:25:28] Installing org.eclipse.jetty.io [9.4.18.v20190429]
[2019-09-01 15:25:28] Installing org.eclipse.jetty.security [9.4.18.v20190429]
[2019-09-01 15:25:28] Installing org.eclipse.jetty.server [9.4.18.v20190429]
[2019-09-01 15:25:28] Installing org.eclipse.jetty.servlet [9.4.18.v20190429]
[2019-09-01 15:25:28] Installing org.eclipse.jetty.util [9.4.18.v20190429]
[2019-09-01 15:25:28] Installing org.eclipse.jface [3.16.0.v20190528-0922]
[2019-09-01 15:25:28] Installing org.eclipse.jface.databinding [1.9.0.v20190519-0933]
[2019-09-01 15:25:28] Installing org.eclipse.jface.text [3.15.200.v20190519-2344]
[2019-09-01 15:25:28] Installing org.eclipse.jgit [5.4.0.201906121030-r]
[2019-09-01 15:25:28] Installing org.eclipse.jgit.archive [5.4.0.201906121030-r]
[2019-09-01 15:25:28] Installing org.eclipse.jgit.feature.group [5.4.0.201906121030-r]
[2019-09-01 15:25:28] Installing org.eclipse.jgit.feature.jar [5.4.0.201906121030-r]
[2019-09-01 15:25:28] Installing org.eclipse.jgit.ssh.apache [5.4.0.201906121030-r]
[2019-09-01 15:25:28] Installing org.eclipse.jgit.ssh.apache.feature.group [5.4.0.201906121030-r]
[2019-09-01 15:25:28] Installing org.eclipse.jgit.ssh.apache.feature.jar [5.4.0.201906121030-r]
[2019-09-01 15:25:28] Installing org.eclipse.jsch.core [1.3.500.v20190413-1338]
[2019-09-01 15:25:28] Installing org.eclipse.jsch.ui [1.3.500.v20190519-2354]
[2019-09-01 15:25:28] Installing org.eclipse.ltk.core.refactoring [3.10.100.v20190510-0840]
[2019-09-01 15:25:28] Installing org.eclipse.ltk.ui.refactoring [3.9.400.v20190510-0840]
[2019-09-01 15:25:28] Installing org.eclipse.m2e.archetype.common [1.12.0.20190529-1915]
[2019-09-01 15:25:28] Installing org.eclipse.m2e.binaryproject [1.12.0.20190529-1916]
[2019-09-01 15:25:28] Installing org.eclipse.m2e.binaryproject.ui [1.12.0.20190529-1916]
[2019-09-01 15:25:28] Installing org.eclipse.m2e.core [1.12.0.20190529-1916]
[2019-09-01 15:25:28] Installing org.eclipse.m2e.core.ui [1.12.0.20190529-1916]
[2019-09-01 15:25:28] Installing org.eclipse.m2e.discovery [1.12.0.20190529-1916]
[2019-09-01 15:25:28] Installing org.eclipse.m2e.editor [1.12.0.20190529-1916]
[2019-09-01 15:25:28] Installing org.eclipse.m2e.editor.xml [1.12.0.20190529-1916]
[2019-09-01 15:25:28] Installing org.eclipse.m2e.feature.feature.group [1.12.0.20190529-1916]
[2019-09-01 15:25:28] Installing org.eclipse.m2e.feature.feature.jar [1.12.0.20190529-1916]
[2019-09-01 15:25:28] Installing org.eclipse.m2e.importer [1.12.0.20190529-1916]
[2019-09-01 15:25:28] Installing org.eclipse.m2e.jdt [1.12.0.20190529-1916]
[2019-09-01 15:25:28] Installing org.eclipse.m2e.jdt.ui [1.12.0.20190529-1916]
[2019-09-01 15:25:28] Installing org.eclipse.m2e.launching [1.12.0.20190529-1916]
[2019-09-01 15:25:28] Installing org.eclipse.m2e.lifecyclemapping.defaults [1.12.0.20190529-1916]
[2019-09-01 15:25:28] Installing org.eclipse.m2e.logback.appender [1.12.0.20190529-1916]
[2019-09-01 15:25:28] Installing org.eclipse.m2e.logback.configuration [1.12.0.20190529-1916]
[2019-09-01 15:25:28] Installing org.eclipse.m2e.logback.feature.feature.group [1.12.0.20190529-1916]
[2019-09-01 15:25:28] Installing org.eclipse.m2e.logback.feature.feature.jar [1.12.0.20190529-1916]
[2019-09-01 15:25:28] Installing org.eclipse.m2e.maven.indexer [1.12.0.20190529-1915]
[2019-09-01 15:25:28] Installing org.eclipse.m2e.maven.runtime [1.12.0.20190529-1915]
[2019-09-01 15:25:28] Installing org.eclipse.m2e.maven.runtime.slf4j.simple [1.12.0.20190529-1915]
[2019-09-01 15:25:28] Installing org.eclipse.m2e.model.edit [1.12.0.20190529-1916]
[2019-09-01 15:25:28] Installing org.eclipse.m2e.profiles.core [1.12.0.20190529-1916]
[2019-09-01 15:25:28] Installing org.eclipse.m2e.profiles.ui [1.12.0.20190529-1916]
[2019-09-01 15:25:28] Installing org.eclipse.m2e.refactoring [1.12.0.20190529-1916]
[2019-09-01 15:25:28] Installing org.eclipse.m2e.scm [1.12.0.20190529-1916]
[2019-09-01 15:25:28] Installing org.eclipse.m2e.sourcelookup [1.12.0.20190529-1916]
[2019-09-01 15:25:28] Installing org.eclipse.m2e.sourcelookup.ui [1.12.0.20190529-1916]
[2019-09-01 15:25:28] Installing org.eclipse.m2e.workspace.cli [0.3.1]
[2019-09-01 15:25:28] Installing org.eclipse.mylyn.bugzilla.core [3.24.2.v20180905-0003]
[2019-09-01 15:25:28] Installing org.eclipse.mylyn.bugzilla.ide [3.24.2.v20180905-0014]
[2019-09-01 15:25:28] Installing org.eclipse.mylyn.bugzilla.ui [3.24.2.v20180905-0003]
[2019-09-01 15:25:28] Installing org.eclipse.mylyn.bugzilla_feature.feature.group [3.24.2.v20180905-0003]
[2019-09-01 15:25:28] Installing org.eclipse.mylyn.bugzilla_feature.feature.jar [3.24.2.v20180905-0003]
[2019-09-01 15:25:28] Installing org.eclipse.mylyn.builds.core [1.16.0.v20170629-2231]
[2019-09-01 15:25:28] Installing org.eclipse.mylyn.builds.feature.group [1.16.0.v20180905-1907]
[2019-09-01 15:25:28] Installing org.eclipse.mylyn.builds.feature.jar [1.16.0.v20180905-1907]
[2019-09-01 15:25:28] Installing org.eclipse.mylyn.builds.ui [1.16.0.v20170629-2231]
[2019-09-01 15:25:28] Installing org.eclipse.mylyn.commons.core [3.24.2.v20180904-2231]
[2019-09-01 15:25:28] Installing org.eclipse.mylyn.commons.feature.group [3.24.2.v20180904-2231]
[2019-09-01 15:25:28] Installing org.eclipse.mylyn.commons.feature.jar [3.24.2.v20180904-2231]
[2019-09-01 15:25:28] Installing org.eclipse.mylyn.commons.identity.core [1.16.0.v20180904-2231]
[2019-09-01 15:25:28] Installing org.eclipse.mylyn.commons.identity.feature.group [1.16.0.v20180904-2231]
[2019-09-01 15:25:28] Installing org.eclipse.mylyn.commons.identity.feature.jar [1.16.0.v20180904-2231]
[2019-09-01 15:25:28] Installing org.eclipse.mylyn.commons.net [3.24.2.v20180904-2231]
[2019-09-01 15:25:28] Installing org.eclipse.mylyn.commons.notifications.core [1.16.0.v20180904-2231]
[2019-09-01 15:25:28] Installing org.eclipse.mylyn.commons.notifications.feature.group [1.16.0.v20180904-2231]
[2019-09-01 15:25:28] Installing org.eclipse.mylyn.commons.notifications.feature.jar [1.16.0.v20180904-2231]
[2019-09-01 15:25:28] Installing org.eclipse.mylyn.commons.notifications.feed [1.16.0.v20180904-2231]
[2019-09-01 15:25:28] Installing org.eclipse.mylyn.commons.notifications.ui [1.16.0.v20180904-2231]
[2019-09-01 15:25:28] Installing org.eclipse.mylyn.commons.repositories.core [1.16.0.v20180904-2231]
[2019-09-01 15:25:28] Installing org.eclipse.mylyn.commons.repositories.feature.group [1.16.0.v20180904-2231]
[2019-09-01 15:25:28] Installing org.eclipse.mylyn.commons.repositories.feature.jar [1.16.0.v20180904-2231]
[2019-09-01 15:25:28] Installing org.eclipse.mylyn.commons.repositories.http.core [1.16.0.v20180904-2231]
[2019-09-01 15:25:28] Installing org.eclipse.mylyn.commons.repositories.http.feature.group [1.16.0.v20180904-2231]
[2019-09-01 15:25:28] Installing org.eclipse.mylyn.commons.repositories.http.feature.jar [1.16.0.v20180904-2231]
[2019-09-01 15:25:28] Installing org.eclipse.mylyn.commons.repositories.ui [1.16.0.v20180904-2231]
[2019-09-01 15:25:28] Installing org.eclipse.mylyn.commons.screenshots [3.24.2.v20180904-2231]
[2019-09-01 15:25:28] Installing org.eclipse.mylyn.commons.ui [3.24.2.v20180904-2231]
[2019-09-01 15:25:28] Installing org.eclipse.mylyn.commons.workbench [3.24.2.v20180904-2231]
[2019-09-01 15:25:28] Installing org.eclipse.mylyn.commons.xmlrpc [3.24.2.v20180904-2231]
[2019-09-01 15:25:28] Installing org.eclipse.mylyn.context.core [3.24.2.v20180905-0014]
[2019-09-01 15:25:28] Installing org.eclipse.mylyn.context.tasks.ui [3.24.2.v20180905-0014]
[2019-09-01 15:25:28] Installing org.eclipse.mylyn.context.ui [3.24.2.v20180905-0014]
[2019-09-01 15:25:28] Installing org.eclipse.mylyn.context_feature.feature.group [3.24.2.v20180905-0014]
[2019-09-01 15:25:28] Installing org.eclipse.mylyn.context_feature.feature.jar [3.24.2.v20180905-0014]
[2019-09-01 15:25:28] Installing org.eclipse.mylyn.debug.ui [3.24.2.v20180905-0014]
[2019-09-01 15:25:28] Installing org.eclipse.mylyn.discovery.core [3.24.2.v20180904-2231]
[2019-09-01 15:25:28] Installing org.eclipse.mylyn.discovery.feature.group [3.24.2.v20180904-2231]
[2019-09-01 15:25:28] Installing org.eclipse.mylyn.discovery.feature.jar [3.24.2.v20180904-2231]
[2019-09-01 15:25:28] Installing org.eclipse.mylyn.discovery.ui [3.24.2.v20180904-2231]
[2019-09-01 15:25:28] Installing org.eclipse.mylyn.git.core [1.16.0.v20170629-1738]
[2019-09-01 15:25:28] Installing org.eclipse.mylyn.git.feature.group [1.16.0.v20170629-1738]
[2019-09-01 15:25:28] Installing org.eclipse.mylyn.git.feature.jar [1.16.0.v20170629-1738]
[2019-09-01 15:25:28] Installing org.eclipse.mylyn.git.ui [1.16.0.v20170629-1738]
[2019-09-01 15:25:28] Installing org.eclipse.mylyn.help.ui [3.24.2.v20180905-0003]
[2019-09-01 15:25:28] Installing org.eclipse.mylyn.hudson.core [1.16.0.v20180403-2055]
[2019-09-01 15:25:28] Installing org.eclipse.mylyn.hudson.feature.group [1.16.0.v20180403-2055]
[2019-09-01 15:25:28] Installing org.eclipse.mylyn.hudson.feature.jar [1.16.0.v20180403-2055]
[2019-09-01 15:25:28] Installing org.eclipse.mylyn.hudson.ui [1.16.0.v20170629-2231]
[2019-09-01 15:25:28] Installing org.eclipse.mylyn.ide.ant [3.24.2.v20180905-0014]
[2019-09-01 15:25:28] Installing org.eclipse.mylyn.ide.ui [3.24.2.v20180905-0014]
[2019-09-01 15:25:28] Installing org.eclipse.mylyn.ide_feature.feature.group [3.24.2.v20180905-0014]
[2019-09-01 15:25:28] Installing org.eclipse.mylyn.ide_feature.feature.jar [3.24.2.v20180905-0014]
[2019-09-01 15:25:28] Installing org.eclipse.mylyn.java.tasks [3.24.2.v20180905-0014]
[2019-09-01 15:25:28] Installing org.eclipse.mylyn.java.ui [3.24.2.v20180905-0014]
[2019-09-01 15:25:28] Installing org.eclipse.mylyn.java_feature.feature.group [3.24.2.v20180905-0014]
[2019-09-01 15:25:28] Installing org.eclipse.mylyn.java_feature.feature.jar [3.24.2.v20180905-0014]
[2019-09-01 15:25:28] Installing org.eclipse.mylyn.monitor.core [3.24.2.v20180904-2231]
[2019-09-01 15:25:28] Installing org.eclipse.mylyn.monitor.feature.group [3.24.2.v20180904-2231]
[2019-09-01 15:25:28] Installing org.eclipse.mylyn.monitor.feature.jar [3.24.2.v20180904-2231]
[2019-09-01 15:25:28] Installing org.eclipse.mylyn.monitor.ui [3.24.2.v20180904-2231]
[2019-09-01 15:25:28] Installing org.eclipse.mylyn.resources.ui [3.24.2.v20180905-0014]
[2019-09-01 15:25:28] Installing org.eclipse.mylyn.tasks.bugs [3.24.2.v20180905-0003]
[2019-09-01 15:25:28] Installing org.eclipse.mylyn.tasks.core [3.24.2.v20180905-0003]
[2019-09-01 15:25:28] Installing org.eclipse.mylyn.tasks.ide.feature.group [3.24.2.v20180905-0003]
[2019-09-01 15:25:28] Installing org.eclipse.mylyn.tasks.ide.feature.jar [3.24.2.v20180905-0003]
[2019-09-01 15:25:28] Installing org.eclipse.mylyn.tasks.index.core [3.24.2.v20180905-0003]
[2019-09-01 15:25:28] Installing org.eclipse.mylyn.tasks.index.ui [3.24.2.v20180905-0003]
[2019-09-01 15:25:28] Installing org.eclipse.mylyn.tasks.search [3.24.2.v20180905-0003]
[2019-09-01 15:25:28] Installing org.eclipse.mylyn.tasks.ui [3.24.2.v20180905-0003]
[2019-09-01 15:25:28] Installing org.eclipse.mylyn.team.ui [3.24.2.v20180905-0014]
[2019-09-01 15:25:28] Installing org.eclipse.mylyn.team_feature.feature.group [3.24.2.v20180905-0014]
[2019-09-01 15:25:28] Installing org.eclipse.mylyn.team_feature.feature.jar [3.24.2.v20180905-0014]
[2019-09-01 15:25:28] Installing org.eclipse.mylyn.versions.core [1.16.0.v20170629-1738]
[2019-09-01 15:25:28] Installing org.eclipse.mylyn.versions.feature.group [1.16.0.v20170629-1738]
[2019-09-01 15:25:28] Installing org.eclipse.mylyn.versions.feature.jar [1.16.0.v20170629-1738]
[2019-09-01 15:25:28] Installing org.eclipse.mylyn.versions.ui [1.16.0.v20170629-1738]
[2019-09-01 15:25:28] Installing org.eclipse.mylyn.wikitext [3.0.29.20181217192207]
[2019-09-01 15:25:28] Installing org.eclipse.mylyn.wikitext.ant [3.0.29.20181217192207]
[2019-09-01 15:25:28] Installing org.eclipse.mylyn.wikitext.asciidoc [3.0.29.20181217192207]
[2019-09-01 15:25:28] Installing org.eclipse.mylyn.wikitext.asciidoc.ui [3.0.29.201812180023]
[2019-09-01 15:25:28] Installing org.eclipse.mylyn.wikitext.confluence [3.0.29.20181217192207]
[2019-09-01 15:25:28] Installing org.eclipse.mylyn.wikitext.confluence.ui [3.0.29.201812180023]
[2019-09-01 15:25:28] Installing org.eclipse.mylyn.wikitext.context.ui [3.0.29.201812180023]
[2019-09-01 15:25:28] Installing org.eclipse.mylyn.wikitext.editors_feature.feature.group [3.0.29.201812180023]
[2019-09-01 15:25:28] Installing org.eclipse.mylyn.wikitext.editors_feature.feature.jar [3.0.29.201812180023]
[2019-09-01 15:25:28] Installing org.eclipse.mylyn.wikitext.help.ui [3.0.29.201812180023]
[2019-09-01 15:25:28] Installing org.eclipse.mylyn.wikitext.html [3.0.29.20181217192207]
[2019-09-01 15:25:28] Installing org.eclipse.mylyn.wikitext.markdown [3.0.29.20181217192207]
[2019-09-01 15:25:28] Installing org.eclipse.mylyn.wikitext.markdown.ui [3.0.29.201812180023]
[2019-09-01 15:25:28] Installing org.eclipse.mylyn.wikitext.mediawiki [3.0.29.20181217192207]
[2019-09-01 15:25:28] Installing org.eclipse.mylyn.wikitext.mediawiki.ui [3.0.29.201812180023]
[2019-09-01 15:25:28] Installing org.eclipse.mylyn.wikitext.osgi [3.0.29.201812180023]
[2019-09-01 15:25:28] Installing org.eclipse.mylyn.wikitext.tasks.ui [3.0.29.201812180023]
[2019-09-01 15:25:28] Installing org.eclipse.mylyn.wikitext.textile [3.0.29.20181217192207]
[2019-09-01 15:25:28] Installing org.eclipse.mylyn.wikitext.textile.ui [3.0.29.201812180023]
[2019-09-01 15:25:28] Installing org.eclipse.mylyn.wikitext.tracwiki [3.0.29.20181217192207]
[2019-09-01 15:25:28] Installing org.eclipse.mylyn.wikitext.tracwiki.ui [3.0.29.201812180023]
[2019-09-01 15:25:28] Installing org.eclipse.mylyn.wikitext.twiki [3.0.29.20181217192207]
[2019-09-01 15:25:28] Installing org.eclipse.mylyn.wikitext.twiki.ui [3.0.29.201812180023]
[2019-09-01 15:25:28] Installing org.eclipse.mylyn.wikitext.ui [3.0.29.201812180023]
[2019-09-01 15:25:28] Installing org.eclipse.mylyn.wikitext_feature.feature.group [3.0.29.201812180023]
[2019-09-01 15:25:28] Installing org.eclipse.mylyn.wikitext_feature.feature.jar [3.0.29.201812180023]
[2019-09-01 15:25:28] Installing org.eclipse.mylyn_feature.feature.group [3.24.2.v20180905-0003]
[2019-09-01 15:25:28] Installing org.eclipse.mylyn_feature.feature.jar [3.24.2.v20180905-0003]
[2019-09-01 15:25:28] Installing org.eclipse.nebula.widgets.tablecombo [1.2.0.201908260909]
[2019-09-01 15:25:28] Installing org.eclipse.oomph.base [1.12.0.v20190705-1018]
[2019-09-01 15:25:28] Installing org.eclipse.oomph.base.edit [1.12.0.v20190702-1454]
[2019-09-01 15:25:28] Installing org.eclipse.oomph.extractor.lib [1.6.0.v20190410-0601]
[2019-09-01 15:25:28] Installing org.eclipse.oomph.jreinfo [1.11.0.v20190523-0419]
[2019-09-01 15:25:28] Installing org.eclipse.oomph.jreinfo.ui [1.10.0.v20180706-1242]
[2019-09-01 15:25:28] Installing org.eclipse.oomph.p2 [1.10.0.v20180706-1242]
[2019-09-01 15:25:28] Installing org.eclipse.oomph.p2.core [1.13.0.v20190827-1424]
[2019-09-01 15:25:28] Installing org.eclipse.oomph.p2.doc [1.10.0.v20180706-1242]
[2019-09-01 15:25:28] Installing org.eclipse.oomph.p2.edit [1.11.0.v20190323-1130]
[2019-09-01 15:25:28] Installing org.eclipse.oomph.p2.feature.group [1.13.0.v20190827-1424]
[2019-09-01 15:25:28] Installing org.eclipse.oomph.p2.feature.jar [1.13.0.v20190827-1424]
[2019-09-01 15:25:28] Installing org.eclipse.oomph.p2.ui [1.11.0.v20190823-0737]
[2019-09-01 15:25:28] Installing org.eclipse.oomph.predicates [1.10.0.v20180706-1242]
[2019-09-01 15:25:28] Installing org.eclipse.oomph.predicates.edit [1.10.0.v20180706-1242]
[2019-09-01 15:25:28] Installing org.eclipse.oomph.preferences [1.10.0.v20180706-1242]
[2019-09-01 15:25:28] Installing org.eclipse.oomph.resources [1.11.0.v20190828-0715]
[2019-09-01 15:25:28] Installing org.eclipse.oomph.resources.edit [1.10.0.v20180706-1242]
[2019-09-01 15:25:28] Installing org.eclipse.oomph.setup [1.14.0.v20190815-1111]
[2019-09-01 15:25:28] Installing org.eclipse.oomph.setup.core [1.14.0.v20190705-1542]
[2019-09-01 15:25:28] Installing org.eclipse.oomph.setup.core.feature.group [1.14.0.v20190823-0727]
[2019-09-01 15:25:28] Installing org.eclipse.oomph.setup.core.feature.jar [1.14.0.v20190823-0727]
[2019-09-01 15:25:28] Installing org.eclipse.oomph.setup.doc [1.10.0.v20180706-1242]
[2019-09-01 15:25:28] Installing org.eclipse.oomph.setup.edit [1.14.0.v20190704-1252]
[2019-09-01 15:25:28] Installing org.eclipse.oomph.setup.editor [1.14.0.v20190827-1254]
[2019-09-01 15:25:28] Installing org.eclipse.oomph.setup.feature.group [1.14.0.v20190827-1424]
[2019-09-01 15:25:28] Installing org.eclipse.oomph.setup.feature.jar [1.14.0.v20190827-1424]
[2019-09-01 15:25:28] Installing org.eclipse.oomph.setup.p2 [1.12.0.v20190704-1252]
[2019-09-01 15:25:28] Installing org.eclipse.oomph.setup.p2.edit [1.11.0.v20190702-1454]
[2019-09-01 15:25:28] Installing org.eclipse.oomph.setup.sync [1.10.0.v20180706-1242]
[2019-09-01 15:25:28] Installing org.eclipse.oomph.setup.ui [1.14.0.v20190704-1252]
[2019-09-01 15:25:28] Installing org.eclipse.oomph.setup.ui.questionnaire [1.10.0.v20180706-1242]
[2019-09-01 15:25:28] Installing org.eclipse.oomph.ui [1.12.0.v20190823-0737]
[2019-09-01 15:25:28] Installing org.eclipse.oomph.util [1.12.0.v20190705-1135]
[2019-09-01 15:25:28] Installing org.eclipse.oomph.workingsets [1.10.0.v20180706-1242]
[2019-09-01 15:25:28] Installing org.eclipse.oomph.workingsets.edit [1.10.0.v20180706-1242]
[2019-09-01 15:25:28] Installing org.eclipse.oomph.workingsets.editor [1.10.0.v20180904-1112]
[2019-09-01 15:25:28] Installing org.eclipse.osgi [3.14.0.v20190517-1309]
[2019-09-01 15:25:28] Installing org.eclipse.osgi.compatibility.state [1.1.500.v20190516-1407]
[2019-09-01 15:25:28] Installing org.eclipse.osgi.services [3.8.0.v20190206-2147]
[2019-09-01 15:25:28] Installing org.eclipse.osgi.util [3.5.200.v20190115-2323]
[2019-09-01 15:25:28] Installing org.eclipse.platform [4.12.0.v20190605-1800]
[2019-09-01 15:25:28] Installing org.eclipse.platform.doc.user [4.12.0.v20190604-0816]
[2019-09-01 15:25:28] Installing org.eclipse.platform.feature.group [4.12.0.v20190605-1801]
[2019-09-01 15:25:28] Installing org.eclipse.platform.feature.jar [4.12.0.v20190605-1801]
[2019-09-01 15:25:28] Installing org.eclipse.platform.ide [4.12.0.I20190605-1800]
[2019-09-01 15:25:28] Installing org.eclipse.platform.ide.executable.cocoa.macosx.x86_64 [4.12.0.I20190605-1800]
[2019-09-01 15:25:28] Installing org.eclipse.platform.ide.executable.cocoa.macosx.x86_64.eclipse [4.12.0.I20190605-1800]
[2019-09-01 15:25:28] Installing org.eclipse.platform_root [4.12.0.v20190605-1801]
[2019-09-01 15:25:28] Installing org.eclipse.rcp [4.12.0.v20190605-1800]
[2019-09-01 15:25:28] Installing org.eclipse.rcp.feature.group [4.12.0.v20190605-1801]
[2019-09-01 15:25:28] Installing org.eclipse.rcp.feature.jar [4.12.0.v20190605-1801]
[2019-09-01 15:25:28] Installing org.eclipse.rcp_root [4.12.0.v20190605-1801]
[2019-09-01 15:25:28] Installing org.eclipse.search [3.11.600.v20190519-2344]
[2019-09-01 15:25:28] Installing org.eclipse.swt [3.111.0.v20190605-1801]
[2019-09-01 15:25:28] Installing org.eclipse.swt.cocoa.macosx.x86_64 [3.111.0.v20190605-1801]
[2019-09-01 15:25:28] Installing org.eclipse.team.core [3.8.600.v20190519-2354]
[2019-09-01 15:25:28] Installing org.eclipse.team.genericeditor.diff.extension [1.0.300.v20190519-2354]
[2019-09-01 15:25:28] Installing org.eclipse.team.ui [3.8.500.v20190519-2354]
[2019-09-01 15:25:28] Installing org.eclipse.text [3.8.200.v20190519-2344]
[2019-09-01 15:25:28] Installing org.eclipse.tips.core [0.1.400.v20190402-1511]
[2019-09-01 15:25:28] Installing org.eclipse.tips.feature.feature.group [0.2.500.v20190402-1511]
[2019-09-01 15:25:28] Installing org.eclipse.tips.feature.feature.jar [0.2.500.v20190402-1511]
[2019-09-01 15:25:28] Installing org.eclipse.tips.ide [0.1.500.v20190402-1511]
[2019-09-01 15:25:28] Installing org.eclipse.tips.json [0.1.400.v20190402-1511]
[2019-09-01 15:25:28] Installing org.eclipse.tips.ui [0.1.500.v20190402-1511]
[2019-09-01 15:25:28] Installing org.eclipse.ui [3.113.0.v20190513-2118]
[2019-09-01 15:25:28] Installing org.eclipse.ui.browser [3.6.400.v20190513-2118]
[2019-09-01 15:25:28] Installing org.eclipse.ui.cheatsheets [3.5.400.v20190218-1039]
[2019-09-01 15:25:28] Installing org.eclipse.ui.cocoa [1.2.200.v20190509-1900]
[2019-09-01 15:25:28] Installing org.eclipse.ui.console [3.8.500.v20190514-0743]
[2019-09-01 15:25:28] Installing org.eclipse.ui.editors [3.11.500.v20190519-2344]
[2019-09-01 15:25:28] Installing org.eclipse.ui.externaltools [3.4.300.v20190510-0549]
[2019-09-01 15:25:28] Installing org.eclipse.ui.forms [3.8.0.v20190519-1034]
[2019-09-01 15:25:28] Installing org.eclipse.ui.genericeditor [1.1.400.v20190519-2344]
[2019-09-01 15:25:28] Installing org.eclipse.ui.ide [3.15.200.v20190519-2104]
[2019-09-01 15:25:28] Installing org.eclipse.ui.ide.application [1.3.300.v20190513-2118]
[2019-09-01 15:25:28] Installing org.eclipse.ui.intro [3.5.600.v20190329-1257]
[2019-09-01 15:25:28] Installing org.eclipse.ui.intro.quicklinks [1.0.300.v20180821-0700]
[2019-09-01 15:25:28] Installing org.eclipse.ui.intro.universal [3.3.500.v20190315-1216]
[2019-09-01 15:25:28] Installing org.eclipse.ui.monitoring [1.1.400.v20190517-1612]
[2019-09-01 15:25:28] Installing org.eclipse.ui.navigator [3.8.0.v20190519-2104]
[2019-09-01 15:25:28] Installing org.eclipse.ui.navigator.resources [3.6.500.v20190519-2104]
[2019-09-01 15:25:28] Installing org.eclipse.ui.net [1.3.400.v20190519-2354]
[2019-09-01 15:25:28] Installing org.eclipse.ui.themes [1.2.600.v20190513-0458]
[2019-09-01 15:25:28] Installing org.eclipse.ui.views [3.9.400.v20190517-1612]
[2019-09-01 15:25:28] Installing org.eclipse.ui.views.log [1.2.600.v20190519-1034]
[2019-09-01 15:25:28] Installing org.eclipse.ui.views.properties.tabbed [3.8.500.v20190513-2118]
[2019-09-01 15:25:28] Installing org.eclipse.ui.workbench [3.115.0.v20190521-1602]
[2019-09-01 15:25:28] Installing org.eclipse.ui.workbench.texteditor [3.12.0.v20190519-2344]
[2019-09-01 15:25:28] Installing org.eclipse.update.configurator [3.4.300.v20190518-1030]
[2019-09-01 15:25:28] Installing org.eclipse.urischeme [1.0.300.v20190514-0858]
[2019-09-01 15:25:28] Installing org.eclipse.userstorage [1.2.0.v20190307-0457]
[2019-09-01 15:25:28] Installing org.eclipse.userstorage.feature.group [1.2.0.v20190308-0433]
[2019-09-01 15:25:28] Installing org.eclipse.userstorage.feature.jar [1.2.0.v20190308-0433]
[2019-09-01 15:25:28] Installing org.eclipse.userstorage.oauth [1.1.0.v20190307-0457]
[2019-09-01 15:25:28] Installing org.eclipse.userstorage.ui [1.1.0.v20190307-0457]
[2019-09-01 15:25:28] Installing org.eclipse.wst.common.core [1.3.0.v201903222010]
[2019-09-01 15:25:28] Installing org.eclipse.wst.common.emf [1.2.600.v201903222010]
[2019-09-01 15:25:28] Installing org.eclipse.wst.common.emfworkbench.integration [1.2.101.v201903222010]
[2019-09-01 15:25:28] Installing org.eclipse.wst.common.environment [1.0.400.v201903222010]
[2019-09-01 15:25:28] Installing org.eclipse.wst.common.frameworks [1.2.201.v201903222010]
[2019-09-01 15:25:28] Installing org.eclipse.wst.common.frameworks.ui [1.2.400.v201903222010]
[2019-09-01 15:25:28] Installing org.eclipse.wst.common.infopop [1.0.300.v201903222010]
[2019-09-01 15:25:28] Installing org.eclipse.wst.common.modulecore [1.3.100.v201903222010]
[2019-09-01 15:25:28] Installing org.eclipse.wst.common.modulecore.ui [1.0.301.v201903222010]
[2019-09-01 15:25:28] Installing org.eclipse.wst.common.project.facet.core [1.4.400.v201903222010]
[2019-09-01 15:25:28] Installing org.eclipse.wst.common.snippets [1.2.500.v201811170421]
[2019-09-01 15:25:28] Installing org.eclipse.wst.common.ui [1.1.700.v201905071717]
[2019-09-01 15:25:28] Installing org.eclipse.wst.common.uriresolver [1.2.300.v201903222010]
[2019-09-01 15:25:28] Installing org.eclipse.wst.common_core.feature.feature.group [3.10.100.v201904082145]
[2019-09-01 15:25:28] Installing org.eclipse.wst.common_core.feature.feature.jar [3.10.100.v201904082145]
[2019-09-01 15:25:28] Installing org.eclipse.wst.common_ui.feature.feature.group [3.11.0.v201905071717]
[2019-09-01 15:25:28] Installing org.eclipse.wst.common_ui.feature.feature.jar [3.11.0.v201905071717]
[2019-09-01 15:25:28] Installing org.eclipse.wst.dtd.core [1.2.0.v201903222120]
[2019-09-01 15:25:28] Installing org.eclipse.wst.dtd.ui [1.1.200.v201904272112]
[2019-09-01 15:25:28] Installing org.eclipse.wst.dtd.ui.infopop [1.0.400.v201903222120]
[2019-09-01 15:25:28] Installing org.eclipse.wst.dtdeditor.doc.user [1.1.0.v201903222120]
[2019-09-01 15:25:28] Installing org.eclipse.wst.internet.cache [1.0.800.v201903222010]
[2019-09-01 15:25:28] Installing org.eclipse.wst.sse.core [1.2.100.v201901310548]
[2019-09-01 15:25:28] Installing org.eclipse.wst.sse.doc.user [1.2.0.v201903222120]
[2019-09-01 15:25:28] Installing org.eclipse.wst.sse.ui [1.6.0.v201905291408]
[2019-09-01 15:25:28] Installing org.eclipse.wst.sse.ui.infopop [1.0.300.v201903222120]
[2019-09-01 15:25:28] Installing org.eclipse.wst.standard.schemas [1.0.800.v201901071922]
[2019-09-01 15:25:28] Installing org.eclipse.wst.validation [1.2.800.v201904082137]
[2019-09-01 15:25:28] Installing org.eclipse.wst.validation.infopop [1.0.300.v201903222010]
[2019-09-01 15:25:28] Installing org.eclipse.wst.validation.ui [1.2.600.v201903222010]
[2019-09-01 15:25:28] Installing org.eclipse.wst.xml.core [1.2.200.v201901071922]
[2019-09-01 15:25:28] Installing org.eclipse.wst.xml.ui [1.2.300.v201904272112]
[2019-09-01 15:25:28] Installing org.eclipse.wst.xml.ui.infopop [1.0.400.v201903222120]
[2019-09-01 15:25:28] Installing org.eclipse.wst.xml_core.feature.feature.group [3.13.0.v201903222120]
[2019-09-01 15:25:28] Installing org.eclipse.wst.xml_core.feature.feature.jar [3.13.0.v201903222120]
[2019-09-01 15:25:28] Installing org.eclipse.wst.xml_ui.feature.feature.group [3.14.0.v201905291408]
[2019-09-01 15:25:28] Installing org.eclipse.wst.xml_ui.feature.feature.jar [3.14.0.v201905291408]
[2019-09-01 15:25:28] Installing org.eclipse.wst.xml_userdoc.feature.feature.group [3.11.0.v201903222120]
[2019-09-01 15:25:28] Installing org.eclipse.wst.xml_userdoc.feature.feature.jar [3.11.0.v201903222120]
[2019-09-01 15:25:28] Installing org.eclipse.wst.xmleditor.doc.user [1.1.0.v201903222120]
[2019-09-01 15:25:28] Installing org.eclipse.wst.xsd.core [1.2.0.v201901071922]
[2019-09-01 15:25:28] Installing org.eclipse.wst.xsd.ui [1.3.300.v201904272112]
[2019-09-01 15:25:28] Installing org.eclipse.wst.xsdeditor.doc.user [1.0.800.v201903222120]
[2019-09-01 15:25:28] Installing org.eclipse.xsd [2.16.0.v20190321-1341]
[2019-09-01 15:25:28] Installing org.eclipse.xsd.edit [2.10.0.v20180706-1143]
[2019-09-01 15:25:28] Installing org.gradle.toolingapi [5.4.0.v20190501-0832]
[2019-09-01 15:25:28] Installing org.hamcrest.core [1.3.0.v20180420-1519]
[2019-09-01 15:25:28] Installing org.jacoco.agent [0.8.3.v20190219-1601]
[2019-09-01 15:25:28] Installing org.jacoco.core [0.8.3.v20190219-1601]
[2019-09-01 15:25:28] Installing org.jacoco.report [0.8.3.v20190219-1601]
[2019-09-01 15:25:28] Installing org.jsoup [1.8.3.v20181012-1713]
[2019-09-01 15:25:28] Installing org.junit [4.12.0.v201504281640]
[2019-09-01 15:25:28] Installing org.junit.jupiter.api [5.4.0.v20190212-2109]
[2019-09-01 15:25:28] Installing org.junit.jupiter.engine [5.4.0.v20190212-2109]
[2019-09-01 15:25:28] Installing org.junit.jupiter.migrationsupport [5.4.0.v20190212-2109]
[2019-09-01 15:25:28] Installing org.junit.jupiter.params [5.4.0.v20190212-2109]
[2019-09-01 15:25:28] Installing org.junit.platform.commons [1.4.0.v20190212-2109]
[2019-09-01 15:25:28] Installing org.junit.platform.engine [1.4.0.v20190212-2109]
[2019-09-01 15:25:28] Installing org.junit.platform.launcher [1.4.0.v20190212-2109]
[2019-09-01 15:25:28] Installing org.junit.platform.runner [1.4.0.v20190212-2109]
[2019-09-01 15:25:28] Installing org.junit.platform.suite.api [1.4.0.v20190212-2109]
[2019-09-01 15:25:28] Installing org.junit.vintage.engine [5.4.0.v20190212-2109]
[2019-09-01 15:25:28] Installing org.maven.ide.eclipse [1.12.0.20190529-1916]
[2019-09-01 15:25:28] Installing org.objectweb.asm [7.0.0.v20181030-2244]
[2019-09-01 15:25:28] Installing org.objectweb.asm.commons [7.0.0.v20181030-2244]
[2019-09-01 15:25:28] Installing org.objectweb.asm.tree [7.0.0.v20181030-2244]
[2019-09-01 15:25:28] Installing org.opentest4j [1.1.1.v20190212-2109]
[2019-09-01 15:25:28] Installing org.sat4j.core [2.3.5.v201308161310]
[2019-09-01 15:25:28] Installing org.sat4j.pb [2.3.5.v201404071733]
[2019-09-01 15:25:28] Installing org.slf4j.api [1.7.2.v20121108-1250]
[2019-09-01 15:25:28] Installing org.slf4j.impl.log4j12 [1.7.2.v20131105-2200]
[2019-09-01 15:25:28] Installing org.tukaani.xz [1.8.0.v20180207-1613]
[2019-09-01 15:25:28] Installing org.w3c.css.sac [1.3.1.v200903091627]
[2019-09-01 15:25:28] Installing org.w3c.dom.events [3.0.0.draft20060413_v201105210656]
[2019-09-01 15:25:28] Installing org.w3c.dom.smil [1.0.1.v200903091627]
[2019-09-01 15:25:28] Installing org.w3c.dom.svg [1.1.0.v201011041433]
[2019-09-01 15:25:28] Installing tooling.org.eclipse.update.feature.default [1.0.0]
[2019-09-01 15:25:28] Installing tooling.osgi.bundle.default [1.0.0]
[2019-09-01 15:25:28] Installing tooling.source.default [1.0.0]
[2019-09-01 15:25:28] Installing toolingcocoa.macosx.x86_64org.apache.felix.scr [4.12.0.I20190605-1800]
[2019-09-01 15:25:28] Installing toolingcocoa.macosx.x86_64org.eclipse.core.runtime [4.12.0.I20190605-1800]
[2019-09-01 15:25:28] Installing toolingcocoa.macosx.x86_64org.eclipse.equinox.common [4.12.0.I20190605-1800]
[2019-09-01 15:25:28] Installing toolingcocoa.macosx.x86_64org.eclipse.equinox.event [4.12.0.I20190605-1800]
[2019-09-01 15:25:28] Installing toolingcocoa.macosx.x86_64org.eclipse.equinox.p2.reconciler.dropins [4.12.0.I20190605-1800]
[2019-09-01 15:25:28] Installing toolingcocoa.macosx.x86_64org.eclipse.equinox.simpleconfigurator [4.12.0.I20190605-1800]
[2019-09-01 15:25:28] Installing toolingepp.package.java.application [4.12.0.20190614-1200]
[2019-09-01 15:25:28] Installing toolingepp.package.java.config.cocoa.macosx.x86_64 [4.12.0.20190614-1200]
[2019-09-01 15:25:28] Installing toolingepp.package.java.configuration [4.12.0.20190614-1200]
[2019-09-01 15:25:28] Installing toolingepp.package.java.executable.cocoa.macosx.x86_64 [4.12.0.20190614-1200]
[2019-09-01 15:25:28] Installing toolingepp.package.java.ini.cocoa.macosx.x86_64 [4.12.0.20190614-1200]
[2019-09-01 15:25:28] Installing toolingorg.eclipse.equinox.launcher [1.5.400.v20190515-0925]
[2019-09-01 15:25:28] Installing toolingorg.eclipse.equinox.launcher.cocoa.macosx.x86_64 [1.1.1000.v20190125-2016]
[2019-09-01 15:25:28] Installing toolingorg.eclipse.platform.configuration.macosx [1.0.0]
[2019-09-01 15:25:28] Installing toolingorg.eclipse.platform.ide.application [4.12.0.I20190605-1800]
[2019-09-01 15:25:28] Installing toolingorg.eclipse.platform.ide.config.cocoa.macosx.x86_64 [4.12.0.I20190605-1800]
[2019-09-01 15:25:28] Installing toolingorg.eclipse.platform.ide.configuration [4.12.0.I20190605-1800]
[2019-09-01 15:25:28] Installing toolingorg.eclipse.platform.ide.executable.cocoa.macosx.x86_64 [4.12.0.I20190605-1800]
[2019-09-01 15:25:28] Installing toolingorg.eclipse.platform.ide.ini.cocoa.macosx.x86_64 [4.12.0.I20190605-1800]
[2019-09-01 15:25:28] Preparing to commit the provisioning operation.
[2019-09-01 15:25:28] Committing the provisioning operation.
[2019-09-01 15:25:29] Performing Eclipse Ini --launcher.appendVmargs
[2019-09-01 15:25:29] Performing Eclipse Ini -vm /Library/Java/JavaVirtualMachines/jdk-12.0.2.jdk/Contents/Home/bin
[2019-09-01 15:25:29] Changing /Users/marcusking/eclipse/java-2019-062/Eclipse.app/Contents/Eclipse/eclipse.ini (-vm /Library/Java/JavaVirtualMachines/jdk-12.0.2.jdk/Contents/Home/bin)
[2019-09-01 15:25:29] Performing Eclipse Ini -Declipse.p2.max.threads=10
[2019-09-01 15:25:29] Changing /Users/marcusking/eclipse/java-2019-062/Eclipse.app/Contents/Eclipse/eclipse.ini (-Declipse.p2.max.threads=10)
[2019-09-01 15:25:29] Performing Eclipse Ini -Doomph.update.url=http://download.eclipse.org/oomph/updates/milestone/latest
[2019-09-01 15:25:29] Changing /Users/marcusking/eclipse/java-2019-062/Eclipse.app/Contents/Eclipse/eclipse.ini (-Doomph.update.url=http://download.eclipse.org/oomph/updates/milestone/latest)
[2019-09-01 15:25:29] Performing Eclipse Ini -Doomph.redirection.index.redirection=index:/->http://git.eclipse.org/c/oomph/org.eclipse.oomph.git/plain/setups/
[2019-09-01 15:25:29] Changing /Users/marcusking/eclipse/java-2019-062/Eclipse.app/Contents/Eclipse/eclipse.ini (-Doomph.redirection.index.redirection=index:/->http://git.eclipse.org/c/oomph/org.eclipse.oomph.git/plain/setups/)
[2019-09-01 15:25:29] Performing post bootstrap tasks
[2019-09-01 15:25:29] Changing /Users/marcusking/eclipse/java-2019-062/Eclipse.app/Contents/Eclipse/configuration/config.ini (osgi.configuration.cascaded=false)
[2019-09-01 15:25:29] 
